"D:/Project/Unreal/Cubes10000/Content/cercle.uasset" 0
"D:/Project/Unreal/Cubes10000/Content/cercle150x150.uasset" 1
"D:/Project/Unreal/Cubes10000/Content/cercleBlack150x150.uasset" 2
"D:/Project/Unreal/Cubes10000/Content/Geometry/Meshes/CubeMaterial.uasset" 3
"D:/Project/Unreal/Cubes10000/Content/Geometry/Meshes/1M_Cube.uasset" 4
"D:/Project/Unreal/Cubes10000/Content/Geometry/Meshes/1M_Cube_Chamfer.uasset" 5
"D:/Project/Unreal/Cubes10000/Content/Geometry/Meshes/TemplateFloor.uasset" 6
"D:/Project/Unreal/Cubes10000/Content/Mannequin/Character/Mesh/UE4_Mannequin_Skeleton.uasset" 7
"../../../Engine/Content/Animation/DefaultAnimBoneCompressionSettings.uasset" 8
"../../../Engine/Content/Animation/DefaultAnimCurveCompressionSettings.uasset" 9
"D:/Project/Unreal/Cubes10000/Content/Mannequin/Animations/ThirdPersonJump_Start.uasset" 10
"D:/Project/Unreal/Cubes10000/Content/Mannequin/Animations/TestJump2.uasset" 11
"D:/Project/Unreal/Cubes10000/Content/Mannequin/Animations/ThirdPersonJump_End.uasset" 12
"D:/Project/Unreal/Cubes10000/Content/Mannequin/Character/Materials/MaterialLayers/T_ML_Aluminum01.uasset" 13
"D:/Project/Unreal/Cubes10000/Content/Mannequin/Character/Materials/MaterialLayers/T_ML_Aluminum01_N.uasset" 14
"D:/Project/Unreal/Cubes10000/Content/Mannequin/Character/Materials/MaterialLayers/T_ML_Rubber_Blue_01_D.uasset" 15
"D:/Project/Unreal/Cubes10000/Content/Mannequin/Character/Materials/MaterialLayers/T_ML_Rubber_Blue_01_N.uasset" 16
"D:/Project/Unreal/Cubes10000/Content/Mannequin/Character/Textures/T_Male_Mask.uasset" 17
"D:/Project/Unreal/Cubes10000/Content/Mannequin/Character/Textures/T_Male_N.uasset" 18
"D:/Project/Unreal/Cubes10000/Content/Mannequin/Character/Textures/T_UE4Logo_Mask.uasset" 19
"../../../Engine/Content/Functions/Engine_MaterialFunctions02/Utility/BlendAngleCorrectedNormals.uasset" 20
"../../../Engine/Content/Functions/MaterialLayerFunctions/MatLayerBlend_NormalBlend.uasset" 21
"../../../Engine/Content/Functions/MaterialLayerFunctions/MatLayerBlend_Simple.uasset" 22
"D:/Project/Unreal/Cubes10000/Content/Mannequin/Character/Materials/MaterialLayers/ML_Plastic_Shiny_Beige_LOGO.uasset" 23
"D:/Project/Unreal/Cubes10000/Content/Mannequin/Character/Materials/MaterialLayers/ML_SoftMetal_UE4.uasset" 24
"D:/Project/Unreal/Cubes10000/Content/Mannequin/Character/Materials/MaterialLayers/ML_Plastic_Shiny_Beige.uasset" 25
"D:/Project/Unreal/Cubes10000/Content/Mannequin/Character/Materials/MaterialLayers/ML_GlossyBlack_Latex_UE4.uasset" 26
"D:/Project/Unreal/Cubes10000/Content/Mannequin/Character/Materials/M_Male_Body.uasset" 27
"D:/Project/Unreal/Cubes10000/Content/Mannequin/Character/Textures/T_Female_N.uasset" 28
"D:/Project/Unreal/Cubes10000/Content/Mannequin/Character/Textures/T_Female_Mask.uasset" 29
"D:/Project/Unreal/Cubes10000/Content/Mannequin/Character/Materials/MI_Female_Body.uasset" 30
"D:/Project/Unreal/Cubes10000/Content/Mannequin/Character/Textures/T_UE4Logo_N.uasset" 31
"D:/Project/Unreal/Cubes10000/Content/Mannequin/Character/Materials/M_UE4Man_ChestLogo.uasset" 32
"D:/Project/Unreal/Cubes10000/Content/Mannequin/Character/Mesh/SK_Mannequin_Female_PhysicsAsset.uasset" 33
"D:/Project/Unreal/Cubes10000/Content/Mannequin/Character/Mesh/SK_Mannequin_Female.uasset" 34
"D:/Project/Unreal/Cubes10000/Content/Material/Material.uasset" 35
"D:/Project/Unreal/Cubes10000/Content/Material/M_Blanc.uasset" 36
"D:/Project/Unreal/Cubes10000/Content/Material/MI_red3.uasset" 37
"D:/Project/Unreal/Cubes10000/Content/Material/MI_Black.uasset" 38
"D:/Project/Unreal/Cubes10000/Content/Material/Mi_red4.uasset" 39
"D:/Project/Unreal/Cubes10000/Content/Material/MI_Blanc.uasset" 40
"../../../Engine/Content/EngineMeshes/Humanoid.uasset" 41
"D:/Project/Unreal/Cubes10000/Content/MCO_Mocap_Basics/Character/Mesh/UE4_Mannequin_Skeleton.uasset" 42
"D:/Project/Unreal/Cubes10000/Content/MCO_Mocap_Basics/Animation/Mobility_Pro/Root_Motion/MOB1_CrouchWalk_F.uasset" 43
"D:/Project/Unreal/Cubes10000/Content/MCO_Mocap_Basics/Animation/Mobility_Pro/Root_Motion/MOB1_Crouch_Idle_V2.uasset" 44
"D:/Project/Unreal/Cubes10000/Content/MCO_Mocap_Basics/Animation/Mobility_Pro/Root_Motion/MOB1_Jog_F.uasset" 45
"D:/Project/Unreal/Cubes10000/Content/MCO_Mocap_Basics/Animation/Mobility_Pro/Root_Motion/MOB1_Jog_F_to_Stand_Relaxed_RU.uasset" 46
"D:/Project/Unreal/Cubes10000/Content/MCO_Mocap_Basics/Animation/Mobility_Pro/Root_Motion/MOB1_Run_F.uasset" 47
"D:/Project/Unreal/Cubes10000/Content/MCO_Mocap_Basics/Animation/Mobility_Pro/Root_Motion/MOB1_Run_F_to_Stand_Relaxed_RU.uasset" 48
"D:/Project/Unreal/Cubes10000/Content/MCO_Mocap_Basics/Animation/Mobility_Pro/Root_Motion/MOB1_Stand_Relaxed_Fgt_v1.uasset" 49
"D:/Project/Unreal/Cubes10000/Content/MCO_Mocap_Basics/Animation/Mobility_Pro/Root_Motion/MOB1_Stand_Relaxed_Fgt_v4.uasset" 50
"D:/Project/Unreal/Cubes10000/Content/MCO_Mocap_Basics/Animation/Mobility_Pro/Root_Motion/MOB1_Stand_Relaxed_Idle_v2.uasset" 51
"D:/Project/Unreal/Cubes10000/Content/MCO_Mocap_Basics/Animation/Mobility_Pro/Root_Motion/MOB1_Walk_F.uasset" 52
"D:/Project/Unreal/Cubes10000/Content/MCO_Mocap_Basics/Animation/Mobility_Pro/Root_Motion/MOB1_Stand_Relaxed_Death_B.uasset" 53
"D:/Project/Unreal/Cubes10000/Content/MCO_Mocap_Basics/Animation/Mobility_Pro/Root_Motion/TestFall.uasset" 54
"D:/Project/Unreal/Cubes10000/Content/MCO_Mocap_Basics/Animation/Scared/Root_Motion/SCR_Walk_Scared_Fwd_Look_Left_Loop.uasset" 55
"D:/Project/Unreal/Cubes10000/Content/MCO_Mocap_Basics/Animation/Scared/Root_Motion/SCR_Walk_Scared_Fwd_Look_Right_Loop.uasset" 56
"D:/Project/Unreal/Cubes10000/Content/MCO_Mocap_Basics/Animation/Walks/Root_Motion/Walk_02_Cheerful_Loop.uasset" 57
"D:/Project/Unreal/Cubes10000/Content/MCO_Mocap_Basics/Animation/Walks/Root_Motion/Walk_04_Texting_Loop.uasset" 58
"D:/Project/Unreal/Cubes10000/Content/MCO_Mocap_Basics/Animation/Walks/Root_Motion/Walk_06_Look_Around_Loop.uasset" 59
"D:/Project/Unreal/Cubes10000/Content/MCO_Mocap_Basics/Animation/Walks/Root_Motion/Walk_08_Listen_Music_Loop.uasset" 60
"D:/Project/Unreal/Cubes10000/Content/MCO_Mocap_Basics/Animation/Walks/Root_Motion/Walk_13_Power_Walk_Loop.uasset" 61
"D:/Project/Unreal/Cubes10000/Content/MCO_Mocap_Basics/Character/Mesh/SK_Mannequin_Anim.uasset" 62
"D:/Project/Unreal/Cubes10000/Content/ThirdPerson/Meshes/RampMaterial.uasset" 63
"D:/Project/Unreal/Cubes10000/Content/ThirdPerson/Meshes/Bump_StaticMesh.uasset" 64
"D:/Project/Unreal/Cubes10000/Content/ThirdPerson/Meshes/LeftArm_StaticMesh.uasset" 65
"D:/Project/Unreal/Cubes10000/Content/ThirdPerson/Meshes/Linear_Stair_StaticMesh.uasset" 66
"D:/Project/Unreal/Cubes10000/Content/ThirdPerson/Meshes/Ramp_StaticMesh.uasset" 67
"D:/Project/Unreal/Cubes10000/Content/ThirdPerson/Meshes/RightArm_StaticMesh.uasset" 68
"D:/Project/Unreal/Cubes10000/Content/ThirdPersonBP/ThirdPersonOverview.uasset" 69
"D:/Project/Unreal/Cubes10000/Content/Rocks.uasset" 70
"D:/Project/Unreal/Cubes10000/Content/Rocks_Cue.uasset" 71
"D:/Project/Unreal/Cubes10000/Content/cercleBlackFill150x150.uasset" 72
"D:/Project/Unreal/Cubes10000/Content/cercleFPS.uasset" 73
"D:/Project/Unreal/Cubes10000/Content/HUDFPS.uasset" 74
"../../../Engine/Content/EditorBlueprintResources/StandardMacros.uasset" 75
"D:/Project/Unreal/Cubes10000/Content/BP_GameMode.uasset" 76
"../../Plugins/FX/Niagara/Content/Functions/Helpers/AdvancePositionWithAcceleration.uasset" 77
"../../Plugins/FX/Niagara/Content/DefaultAssets/Structs/LocationEvent.uasset" 78
"../../Plugins/FX/Niagara/Content/Modules/Events/GenerateLocationEvent.uasset" 79
"../../Plugins/FX/Niagara/Content/Functions/Localspace/SimulationPosition.uasset" 80
"../../Plugins/FX/Niagara/Content/Enums/ENiagaraRandomnessMode.uasset" 81
"../../Plugins/FX/Niagara/Content/Functions/GetRandomInfo.uasset" 82
"../../Plugins/FX/Niagara/Content/Functions/RandomRangeFloat.uasset" 83
"../../Plugins/FX/Niagara/Content/Functions/RandomUnitVector.uasset" 84
"../../Plugins/FX/Niagara/Content/Functions/RandomVector.uasset" 85
"../../Plugins/FX/Niagara/Content/Functions/DirectionAndLengthSafe.uasset" 86
"../../Plugins/FX/Niagara/Content/Functions/NormalizeDistanceRange.uasset" 87
"../../Plugins/FX/Niagara/Content/Functions/DistanceBasedFalloff.uasset" 88
"../../Plugins/FX/Niagara/Content/Enums/ENiagaraCoordinateSpace.uasset" 89
"../../Plugins/FX/Niagara/Content/Functions/Localspace/TransformBase.uasset" 90
"../../Plugins/FX/Niagara/Content/Functions/Localspace/TransformVector.uasset" 91
"../../Plugins/FX/Niagara/Content/Modules/Spawn/Velocity/AddVelocityFromPoint.uasset" 92
"../../Plugins/FX/Niagara/Content/DynamicInputs/Helpers/SimulationPosition.uasset" 93
"../../Plugins/FX/Niagara/Content/Modules/Spawn/Initialization/InitializeRibbon.uasset" 94
"../../Plugins/FX/Niagara/Content/Modules/Events/ReceiveLocationEvent.uasset" 95
"../../Plugins/FX/Niagara/Content/Enums/ENiagaraRandomnessEvaluation.uasset" 96
"../../Plugins/FX/Niagara/Content/Functions/V2/CalculateRandomRangeFloat.uasset" 97
"../../Plugins/FX/Niagara/Content/Modules/Emitter/SpawnBurst_Instantaneous.uasset" 98
"../../Plugins/FX/Niagara/Content/DynamicInputs/UniformRange/V2/RandomRangeFloat.uasset" 99
"../../Plugins/FX/Niagara/Content/Enums/ENiagara_PositionInitializationMode.uasset" 100
"../../Plugins/FX/Niagara/Content/Enums/ENiagara_MassInitializationMode.uasset" 101
"../../Plugins/FX/Niagara/Content/Enums/ENiagara_LifetimeMode.uasset" 102
"../../Plugins/FX/Niagara/Content/Enums/ENiagara_InfiniteLoopDuration.uasset" 103
"../../Plugins/FX/Niagara/Content/Enums/ENiagara_EmitterStateOptions.uasset" 104
"../../Plugins/FX/Niagara/Content/Enums/ENiagara_ColorInitializationMode.uasset" 105
"../../Plugins/FX/Niagara/Content/Modules/Update/Lifetime/ParticleState.uasset" 106
"../../Plugins/FX/Niagara/Content/Functions/System/SystemChangeState.uasset" 107
"../../Plugins/FX/Niagara/Content/Enums/ENiagaraSystemInactiveMode.uasset" 108
"../../Plugins/FX/Niagara/Content/Modules/System/SystemState.uasset" 109
"../../Plugins/FX/Niagara/Content/Functions/V2/CalculateRandomRangeInteger.uasset" 110
"../../Plugins/FX/Niagara/Content/Functions/V2/CalculateRandomBool.uasset" 111
"../../Plugins/FX/Niagara/Content/Functions/V2/CalculateRandomRange.uasset" 112
"../../Plugins/FX/Niagara/Content/Functions/LinearColor/HueShiftLinearColor.uasset" 113
"../../Plugins/FX/Niagara/Content/Enums/ENiagaraChannelCorrelation.uasset" 114
"../../Plugins/FX/Niagara/Content/Enums/ENiagara_UVFlippingMode.uasset" 115
"../../Plugins/FX/Niagara/Content/Enums/ENiagara_SpriteRotationMode.uasset" 116
"../../Plugins/FX/Niagara/Content/Enums/ENiagara_SizeScaleMode.uasset" 117
"../../Plugins/FX/Niagara/Content/Modules/Spawn/Initialization/V2/InitializeParticle.uasset" 118
"../../Plugins/FX/Niagara/Content/Modules/Solvers/SolveForcesAndVelocity.uasset" 119
"../../Plugins/FX/Niagara/Content/Functions/Emitter/EmitterChangeState.uasset" 120
"../../Plugins/FX/Niagara/Content/Enums/ENiagaraExecutionStateManagement.uasset" 121
"../../Plugins/FX/Niagara/Content/Enums/ENiagaraInactiveMode.uasset" 122
"../../Plugins/FX/Niagara/Content/Enums/ENiagaraEmitterScalabilityMode_Limited.uasset" 123
"../../Plugins/FX/Niagara/Content/Enums/ENiagaraEmitterLifeCycleMode.uasset" 124
"../../Plugins/FX/Niagara/Content/Modules/Emitter/EmitterState.uasset" 125
"../../Plugins/FX/Niagara/Content/DefaultAssets/DefaultSpriteMaterial.uasset" 126
"../../Plugins/FX/Niagara/Content/Modules/Update/Size/ScaleSpriteSize.uasset" 127
"../../Plugins/FX/Niagara/Content/DynamicInputs/TypeConversions/Vector2DFromFloat.uasset" 128
"../../Plugins/FX/Niagara/Content/Enums/ENiagaraScaleColorMode.uasset" 129
"../../Plugins/FX/Niagara/Content/DefaultAssets/DefaultRIbbonMaterial.uasset" 130
"../../Plugins/FX/Niagara/Content/Modules/Update/Forces/GravityForce.uasset" 131
"../../Plugins/FX/Niagara/Content/Modules/Update/Color/ScaleColor.uasset" 132
"../../Plugins/FX/Niagara/Content/DynamicInputs/ValueFromCurve/FloatFromCurve.uasset" 133
"../../Plugins/FX/Niagara/Content/Enums/ENiagaraSphereDistributionMode.uasset" 134
"../../Plugins/FX/Niagara/Content/Enums/ENiagaraExpansionMode.uasset" 135
"../../Plugins/FX/Niagara/Content/Modules/Update/Forces/Drag.uasset" 136
"../../Plugins/FX/Niagara/Content/Functions/SphericalToCartesianCoordinates.uasset" 137
"../../Plugins/FX/Niagara/Content/Functions/V2/CalculateRandomPointInSphere.uasset" 138
"../../Plugins/FX/Niagara/Content/Functions/Rotation/MultiplyVectorWithQuaternion.uasset" 139
"../../Plugins/FX/Niagara/Content/Functions/Rotation/FindQuatBetween.uasset" 140
"../../Plugins/FX/Niagara/Content/Modules/Spawn/Location/V2/SphereLocation.uasset" 141
"../../Plugins/FX/Niagara/Content/DefaultAssets/Templates/Systems/RadialBurst.uasset" 142
"D:/Project/Unreal/Cubes10000/Content/BP_boom.uasset" 143
"D:/Project/Unreal/Cubes10000/Content/vanish.uasset" 144
"D:/Project/Unreal/Cubes10000/Content/Animations/Northern_Soul_Spin_Combo_mixamo_com.uasset" 145
"D:/Project/Unreal/Cubes10000/Content/Animations/TwistDance.uasset" 146
"D:/Project/Unreal/Cubes10000/Content/Mannequin/Animations/ThirdPersonJump_Loop.uasset" 147
"D:/Project/Unreal/Cubes10000/Content/Mannequin/Animations/ThirdPerson_Jump.uasset" 148
"D:/Project/Unreal/Cubes10000/Content/Mannequin/Animations/ThirdPersonIdle.uasset" 149
"D:/Project/Unreal/Cubes10000/Content/Mannequin/Animations/ThirdPersonRun.uasset" 150
"D:/Project/Unreal/Cubes10000/Content/Mannequin/Animations/ThirdPersonWalk.uasset" 151
"D:/Project/Unreal/Cubes10000/Content/Mannequin/Animations/ThirdPerson_IdleRun_2D.uasset" 152
"D:/Project/Unreal/Cubes10000/Content/Mannequin/Animations/ThirdPerson_AnimBP.uasset" 153
"D:/Project/Unreal/Cubes10000/Content/Mannequin/Character/Mesh/SK_Mannequin_PhysicsAsset.uasset" 154
"D:/Project/Unreal/Cubes10000/Content/Mannequin/Character/Mesh/SK_Mannequin.uasset" 155
"D:/Project/Unreal/Cubes10000/Content/ThirdPersonBP/Blueprints/ThirdPersonCharacter.uasset" 156
"D:/Project/Unreal/Cubes10000/Content/ThirdPersonBP/Blueprints/ThirdPersonGameMode.uasset" 157
"../../../Engine/Content/Functions/Engine_MaterialFunctions01/Opacity/CameraDepthFade.uasset" 158
"../../../Engine/Content/EngineMaterials/T_Default_Material_Grid_N.uasset" 159
"../../../Engine/Content/EngineMaterials/T_Default_Material_Grid_M.uasset" 160
"../../../Engine/Content/EngineMaterials/WorldGridMaterial.uasset" 161
"../../../Engine/Content/ArtTools/RenderToTexture/Meshes/S_1_Unit_Plane.uasset" 162
"../../../Engine/Content/EngineMaterials/DefaultMaterial.uasset" 163
"../../../Engine/Content/BasicShapes/Cone.uasset" 164
"../../../Engine/Content/BasicShapes/Plane.uasset" 165
"../../../Engine/Content/BasicShapes/Sphere.uasset" 166
"../../../Engine/Content/EditorLandscapeResources/DataLayer.uasset" 167
"../../../Engine/Content/EditorLandscapeResources/DefaultAlphaTexture.uasset" 168
"../../../Engine/Content/EditorMaterials/MAT_Groups_Toggle.uasset" 169
"../../../Engine/Content/EditorMaterials/MAT_Groups_Visibility.uasset" 170
"../../../Engine/Content/EditorMaterials/PreviewShadowIndicator.uasset" 171
"../../../Engine/Content/EditorMaterials/PreviewShadowIndicatorMaterial.uasset" 172
"../../../Engine/Content/EditorMaterials/MatineeGroups/MAT_ColorTrack.uasset" 173
"../../../Engine/Content/EditorMaterials/MatineeGroups/MAT_Groups_Anim.uasset" 174
"../../../Engine/Content/EditorMaterials/MatineeGroups/MAT_Groups_AudioMaster.uasset" 175
"../../../Engine/Content/EditorMaterials/MatineeGroups/MAT_Groups_Director.uasset" 176
"../../../Engine/Content/EditorMaterials/MatineeGroups/MAT_Groups_Event.uasset" 177
"../../../Engine/Content/EditorMaterials/MatineeGroups/MAT_Groups_Fade.uasset" 178
"../../../Engine/Content/EditorMaterials/MatineeGroups/MAT_Groups_Float.uasset" 179
"../../../Engine/Content/EditorMaterials/MatineeGroups/MAT_Groups_Move.uasset" 180
"../../../Engine/Content/EditorMaterials/MatineeGroups/MAT_Groups_Slomo.uasset" 181
"../../../Engine/Content/EditorMaterials/MatineeGroups/MAT_Groups_Sound.uasset" 182
"../../../Engine/Content/EditorMaterials/MatineeGroups/MAT_Groups_Vector.uasset" 183
"../../../Engine/Content/EditorMaterials/ParticleSystems/PSysThumbnail_NoImage.uasset" 184
"../../../Engine/Content/EditorMaterials/ParticleSystems/PSysThumbnail_OOD.uasset" 185
"../../../Engine/Content/EditorMaterials/Camera/CineMat.uasset" 186
"../../../Engine/Content/EditorMaterials/Camera/MI_CineMat_Rig.uasset" 187
"../../../Engine/Content/EditorMeshes/Camera/SM_CraneRig_Arm.uasset" 188
"../../../Engine/Content/EditorMeshes/Camera/SM_CraneRig_Base.uasset" 189
"../../../Engine/Content/EditorMeshes/Camera/SM_CraneRig_Body.uasset" 190
"../../../Engine/Content/EditorMeshes/Camera/SM_CraneRig_Mount.uasset" 191
"../../../Engine/Content/EditorMeshes/Camera/SM_RailRig_Mount.uasset" 192
"../../../Engine/Content/EditorMeshes/Camera/SM_RailRig_Track.uasset" 193
"../../../Engine/Content/EditorResources/BSPVertex.uasset" 194
"../../../Engine/Content/EditorResources/EmptyActor.uasset" 195
"../../../Engine/Content/EditorResources/S_Actor.uasset" 196
"../../../Engine/Content/EditorResources/S_Note.uasset" 197
"../../../Engine/Content/EditorResources/S_Solver.uasset" 198
"../../../Engine/Content/EditorResources/S_Terrain.uasset" 199
"../../../Engine/Content/EditorResources/S_Trigger.uasset" 200
"../../../Engine/Content/EditorResources/AudioIcons/S_AudioComponent_AutoActivate.uasset" 201
"../../../Engine/Content/EditorResources/LightIcons/S_LightError.uasset" 202
"../../../Engine/Content/EditorResources/SequenceRecorder/Countdown.uasset" 203
"../../../Engine/Content/EditorResources/SequenceRecorder/RecordingIndicator.uasset" 204
"../../../Engine/Content/EngineDamageTypes/DmgTypeBP_Environmental.uasset" 205
"../../../Engine/Content/EngineDebugMaterials/DebugEditorMaterial.uasset" 206
"../../../Engine/Content/EngineDebugMaterials/DebugMeshMaterial.uasset" 207
"../../../Engine/Content/EngineDebugMaterials/M_SimpleUnlitTranslucent.uasset" 208
"../../../Engine/Content/EngineDebugMaterials/VolumeToRender.uasset" 209
"../../../Engine/Content/Functions/Engine_MaterialFunctions02/Utility/CameraDirectionVector.uasset" 210
"../../../Engine/Content/EngineDebugMaterials/M_VolumeRenderSphereTracePP.uasset" 211
"../../../Engine/Content/Functions/Engine_MaterialFunctions01/Shading/ConvertFromDiffSpec.uasset" 212
"../../../Engine/Content/EngineDebugMaterials/VertexColorMaterial.uasset" 213
"../../../Engine/Content/EngineDebugMaterials/WireframeMaterial.uasset" 214
"../../../Engine/Content/EngineFonts/Faces/RobotoRegular.uasset" 215
"../../../Engine/Content/EngineFonts/Faces/RobotoLight.uasset" 216
"../../../Engine/Content/EngineFonts/Faces/RobotoItalic.uasset" 217
"../../../Engine/Content/EngineFonts/Faces/RobotoBoldItalic.uasset" 218
"../../../Engine/Content/EngineFonts/Faces/RobotoBold.uasset" 219
"../../../Engine/Content/EngineFonts/Faces/DroidSansFallback.uasset" 220
"../../../Engine/Content/EngineFonts/Roboto.uasset" 221
"../../../Engine/Content/EngineMaterials/BaseFlattenGrayscaleMap.uasset" 222
"../../../Engine/Content/EngineMaterials/BaseFlattenEmissiveMap.uasset" 223
"../../../Engine/Content/EngineMaterials/BaseFlattenDiffuseMap.uasset" 224
"../../../Engine/Content/EngineMaterials/BaseFlattenNormalMap.uasset" 225
"../../../Engine/Content/EngineMaterials/BaseFlattenMaterial.uasset" 226
"../../../Engine/Content/EngineMaterials/BlueNoise.uasset" 227
"../../../Engine/Content/EngineMaterials/DefaultBloomKernel.uasset" 228
"../../../Engine/Content/EngineMaterials/DefaultBokeh.uasset" 229
"../../../Engine/Content/EngineMaterials/DefaultDiffuse.uasset" 230
"../../../Engine/Content/EngineMaterials/DefaultDeferredDecalMaterial.uasset" 231
"../../../Engine/Content/EngineMaterials/DefaultLightFunctionMaterial.uasset" 232
"../../../Engine/Content/Functions/Engine_MaterialFunctions02/Utility/BreakOutFloat2Components.uasset" 233
"../../../Engine/Content/EngineMaterials/DefaultPostProcessMaterial.uasset" 234
"../../../Engine/Content/EngineFonts/RobotoDistanceField.uasset" 235
"../../../Engine/Content/EngineMaterials/DefaultTextMaterialOpaque.uasset" 236
"../../../Engine/Content/EngineMaterials/DefaultWhiteGrid.uasset" 237
"../../../Engine/Content/EngineMaterials/DefaultWhiteGrid_Low.uasset" 238
"../../../Engine/Content/EngineMaterials/EmissiveMeshMaterial.uasset" 239
"../../../Engine/Content/EngineMaterials/GizmoMaterial.uasset" 240
"../../../Engine/Content/EngineMaterials/Good64x64TilingNoiseHighFreq.uasset" 241
"../../../Engine/Content/EngineMaterials/MiniFont.uasset" 242
"../../../Engine/Content/EngineMaterials/InvalidLightmapSettings.uasset" 243
"../../../Engine/Content/EngineMaterials/M_InvalidLightmapSettings.uasset" 244
"../../../Engine/Content/Functions/Engine_MaterialFunctions02/WorldPositionOffset/CameraOffset.uasset" 245
"../../../Engine/Content/EngineMaterials/PhAT_JointLimitMaterial.uasset" 246
"../../../Engine/Content/EngineMaterials/PreintegratedSkinBRDF.uasset" 247
"../../../Engine/Content/EngineMaterials/RemoveSurfaceMaterial.uasset" 248
"../../../Engine/Content/EngineMaterials/WeightMapPlaceholderTexture.uasset" 249
"../../../Engine/Content/EngineResources/WhiteSquareTexture.uasset" 250
"../../../Engine/Content/EngineMaterials/Widget3DPassThrough.uasset" 251
"../../../Engine/Content/EngineMaterials/Widget3DPassThrough_Masked.uasset" 252
"../../../Engine/Content/EngineMaterials/Widget3DPassThrough_Opaque.uasset" 253
"../../../Engine/Content/EngineMaterials/Widget3DPassThrough_Masked_OneSided.uasset" 254
"../../../Engine/Content/EngineMaterials/Widget3DPassThrough_Opaque_OneSided.uasset" 255
"../../../Engine/Content/EngineMaterials/Widget3DPassThrough_Translucent.uasset" 256
"../../../Engine/Content/EngineMaterials/Widget3DPassThrough_Translucent_OneSided.uasset" 257
"../../../Engine/Content/EngineMeshes/Cylinder.uasset" 258
"../../../Engine/Content/EngineMeshes/Sphere.uasset" 259
"../../../Engine/Content/EngineResources/Black.uasset" 260
"../../../Engine/Content/EngineResources/DefaultTextureCube.uasset" 261
"../../../Engine/Content/EngineResources/DefaultVolumeTexture2D.uasset" 262
"../../../Engine/Content/EngineResources/DefaultVolumeTexture.uasset" 263
"../../../Engine/Content/EngineResources/GradientTexture0.uasset" 264
"../../../Engine/Content/EngineSky/VolumetricClouds/T_NoiseShape64.uasset" 265
"../../../Engine/Content/EngineSky/VolumetricClouds/T_VolumeNoiseShape64.uasset" 266
"../../../Engine/Content/EngineSky/VolumetricClouds/T_NoiseErosion.uasset" 267
"../../../Engine/Content/EngineSky/VolumetricClouds/T_VolumeNoiseErosion32.uasset" 268
"../../../Engine/Content/EngineSky/VolumetricClouds/CloudWeatherTexture.uasset" 269
"../../../Engine/Content/EngineSky/VolumetricClouds/CloudGradientTexture.uasset" 270
"../../../Engine/Content/Functions/Engine_MaterialFunctions02/Utility/MakeFloat2.uasset" 271
"../../../Engine/Content/EngineSky/VolumetricClouds/m_SimpleVolumetricCloud.uasset" 272
"../../../Engine/Content/EngineSky/VolumetricClouds/m_SimpleVolumetricCloud_Inst.uasset" 273
"../../../Engine/Content/EngineSounds/Master.uasset" 274
"../../../Engine/Content/Functions/Engine_MaterialFunctions01/Shading/PowerToRoughness.uasset" 275
"../../../Engine/Content/Maps/Templates/Thumbnails/Default.uasset" 276
"../../../Engine/Content/Maps/Templates/Thumbnails/TimeOfDay.uasset" 277
"../../../Engine/Content/Maps/Templates/Thumbnails/VR-Basic.uasset" 278
"../../../Engine/Content/MobileResources/T_MobileControls_texture.uasset" 279
"../../../Engine/Content/MobileResources/T_MobileMenu2.uasset" 280
"../../../Engine/Content/MobileResources/HUD/AnalogHat.uasset" 281
"../../../Engine/Content/MobileResources/HUD/VirtualJoystick_Thumb.uasset" 282
"../../../Engine/Content/MobileResources/HUD/VirtualJoystick_Background.uasset" 283
"../../../Engine/Content/MobileResources/HUD/DefaultVirtualJoysticks.uasset" 284
"../../../Engine/Content/MobileResources/HUD/LeftVirtualJoystickOnly.uasset" 285
"../../../Engine/Content/MobileResources/HUD/MobileHUDButton1_off.uasset" 286
"../../../Engine/Content/MobileResources/HUD/MobileHUDButton1_on.uasset" 287
"../../../Engine/Content/MobileResources/HUD/MobileHUDButton2_off.uasset" 288
"../../../Engine/Content/MobileResources/HUD/MobileHUDButton2_on.uasset" 289
"../../../Engine/Content/MobileResources/HUD/MobileHUDButton3.uasset" 290
"../../../Engine/Content/MobileResources/HUD/MobileHUDButtonFire.uasset" 291
"../../../Engine/Content/MobileResources/HUD/MobileHUDDirectionPad.uasset" 292
"../../../Engine/Content/MobileResources/HUD/MobileHUDDirectionPad2.uasset" 293
"../../../Engine/Content/MobileResources/HUD/MobileHUDDirectionPad3.uasset" 294
"../../../Engine/Content/MobileResources/HUD/MobileHUDDirectionStick.uasset" 295
"../../../Engine/Content/MobileResources/HUD/T_Castle_ThumbstickInner.uasset" 296
"../../../Engine/Content/MobileResources/HUD/T_Castle_ThumbstickOutter.uasset" 297
"../../../Engine/Content/Tutorial/ContentIntroCurve.uasset" 298
"../../../Engine/Content/Tutorial/Basics/LevelEditorAttract.uasset" 299
"../../../Engine/Content/Tutorial/Mobile/SettingUpLuminTutorial.uasset" 300
"../../../Engine/Content/VREditor/TransformGizmo/TranslucentTransformGizmoMaterial.uasset" 301
"../../../Engine/Content/VREditor/LaserPointer/VR_LaserPower_01.uasset" 302
"../../../Engine/Content/VREditor/TransformGizmo/TransformGizmoMaterial.uasset" 303
"../../../Engine/Content/VREditor/TransformGizmo/BoundingBoxCorner.uasset" 304
"../../../Engine/Content/VREditor/TransformGizmo/BoundingBoxEdge.uasset" 305
"../../../Engine/Content/VREditor/TransformGizmo/PlaneTranslationHandle.uasset" 306
"../../../Engine/Content/VREditor/TransformGizmo/Xray.uasset" 307
"../../../Engine/Content/VREditor/TransformGizmo/Main.uasset" 308
"../../../Engine/Content/VREditor/TransformGizmo/SM_Sequencer_Key.uasset" 309
"../../../Engine/Content/VREditor/TransformGizmo/SM_Sequencer_Node.uasset" 310
"../../Plugins/2D/Paper2D/Content/PlaceholderTextures/DummySpriteTexture.uasset" 311
"../../Plugins/2D/Paper2D/Content/DummySprite.uasset" 312
"../../Plugins/2D/Paper2D/Content/DefaultPaperTerrainMaterial.uasset" 313
"../../Plugins/2D/Paper2D/Content/DefaultSpriteMaterial.uasset" 314
"../../Plugins/2D/Paper2D/Content/MaskedUnlitSpriteMaterial.uasset" 315
"../../Plugins/2D/Paper2D/Content/OpaqueUnlitSpriteMaterial.uasset" 316
"../../../Engine/Content/Functions/Engine_MaterialFunctions02/Utility/BreakOutFloat3Components.uasset" 317
"../../Plugins/Editor/SpeedTreeImporter/Content/SpeedTree9/UnpackInteger3.uasset" 318
"../../Plugins/Editor/SpeedTreeImporter/Content/SpeedTree9/UnpackDirection.uasset" 319
"../../Plugins/Editor/SpeedTreeImporter/Content/SpeedTree9/game_wind_noise.uasset" 320
"../../../Engine/Content/Functions/Engine_MaterialFunctions02/SafeNormalize.uasset" 321
"../../Plugins/Editor/SpeedTreeImporter/Content/SpeedTree9/SpeedTreeWindMotion.uasset" 322
"../../Plugins/Editor/SpeedTreeImporter/Content/SpeedTree9/SpeedTreeBranchMotion.uasset" 323
"../../../Engine/Content/Functions/Engine_MaterialFunctions02/ObjectLocalBounds.uasset" 324
"../../../Engine/Content/Functions/Engine_MaterialFunctions02/UVs/BoundingBoxBased_0-1_UVW.uasset" 325
"../../Plugins/Editor/SpeedTreeImporter/Content/SpeedTree9/SpeedTreeWind.uasset" 326
"../../Plugins/Editor/SpeedTreeImporter/Content/SpeedTree9/SpeedTreeBillboard.uasset" 327
"../../../Engine/Content/EngineResources/DefaultTexture.uasset" 328
"../../Plugins/Editor/SpeedTreeImporter/Content/SpeedTree9/SpeedTreeBillboardMaster.uasset" 329
"../../Plugins/Editor/SpeedTreeImporter/Content/SpeedTree9/SpeedTreeCameraFacing.uasset" 330
"../../Plugins/Editor/SpeedTreeImporter/Content/SpeedTree9/SpeedTreeMaster.uasset" 331
"../../../Engine/Content/BasicShapes/Cylinder.uasset" 332
"../../../Engine/Content/ArtTools/RenderToTexture/Materials/Debug/M_Emissive_Color.uasset" 333
"../../Plugins/Lumin/MagicLeapPassableWorld/Content/MagicLeapARPinInfoActor.uasset" 334
"../../../Engine/Content/Functions/Engine_MaterialFunctions02/Utility/BreakOutFloat4Components.uasset" 335
"../../../Engine/Content/Functions/Engine_MaterialFunctions02/Utility/MakeFloat3.uasset" 336
"../../Plugins/Runtime/Oculus/OculusVR/Content/Materials/OculusMR_ChromaKey.uasset" 337
"../../Plugins/Runtime/Oculus/OculusVR/Content/Materials/OculusMR_OpaqueColoredMaterial.uasset" 338
"../../Plugins/Runtime/Oculus/OculusVR/Content/Materials/PokeAHoleMaterial.uasset" 339
"D:/Project/Unreal/Cubes10000/Content/MCO_Mocap_Basics/Character/Mesh/SK_Mannequin_PhysicsAsset.uasset" 340
"D:/Project/Unreal/Cubes10000/Content/MCO_Mocap_Basics/Character/Textures/UE4Man_Logo_N.uasset" 341
"D:/Project/Unreal/Cubes10000/Content/MCO_Mocap_Basics/Character/Textures/UE4_Mannequin_occlusion.uasset" 342
"D:/Project/Unreal/Cubes10000/Content/MCO_Mocap_Basics/Character/Textures/UE4_Mannequin_MAT_MASKA.uasset" 343
"D:/Project/Unreal/Cubes10000/Content/MCO_Mocap_Basics/Character/Textures/UE4_Mannequin__normals.uasset" 344
"D:/Project/Unreal/Cubes10000/Content/MCO_Mocap_Basics/Character/Materials/MaterialLayers/T_ML_Aluminum01_N.uasset" 345
"D:/Project/Unreal/Cubes10000/Content/MCO_Mocap_Basics/Character/Materials/MaterialLayers/T_ML_Aluminum01.uasset" 346
"D:/Project/Unreal/Cubes10000/Content/MCO_Mocap_Basics/Character/Materials/MaterialLayers/ML_SoftMetal_UE4.uasset" 347
"D:/Project/Unreal/Cubes10000/Content/MCO_Mocap_Basics/Character/Textures/UE4_LOGO_CARD.uasset" 348
"D:/Project/Unreal/Cubes10000/Content/MCO_Mocap_Basics/Character/Materials/MaterialLayers/ML_Plastic_Shiny_Beige_LOGO.uasset" 349
"D:/Project/Unreal/Cubes10000/Content/MCO_Mocap_Basics/Character/Materials/MaterialLayers/ML_Plastic_Shiny_Beige.uasset" 350
"D:/Project/Unreal/Cubes10000/Content/MCO_Mocap_Basics/Character/Materials/MaterialLayers/T_ML_Rubber_Blue_01_N.uasset" 351
"D:/Project/Unreal/Cubes10000/Content/MCO_Mocap_Basics/Character/Materials/MaterialLayers/T_ML_Rubber_Blue_01_D.uasset" 352
"D:/Project/Unreal/Cubes10000/Content/MCO_Mocap_Basics/Character/Materials/MaterialLayers/ML_GlossyBlack_Latex_UE4.uasset" 353
"../../../Engine/Content/Functions/MaterialLayerFunctions/MatLayerBlend_AO.uasset" 354
"D:/Project/Unreal/Cubes10000/Content/MCO_Mocap_Basics/Character/Materials/M_UE4Man_Body.uasset" 355
"D:/Project/Unreal/Cubes10000/Content/MCO_Mocap_Basics/Character/Materials/M_UE4Man_ChestLogo.uasset" 356
"D:/Project/Unreal/Cubes10000/Content/MCO_Mocap_Basics/Character/Mesh/SK_Mannequin.uasset" 357
"../../../Engine/Content/EngineSky/T_Sky_Stars.uasset" 358
"../../../Engine/Content/EngineSky/T_Sky_Clouds_M.uasset" 359
"../../../Engine/Content/EngineSky/T_Sky_Blue.uasset" 360
"../../../Engine/Content/TemplateResources/M_Template_Master.uasset" 361
"../../../Engine/Content/TemplateResources/MI_Template_BaseGray_03_Metal.uasset" 362
"../../../Engine/Content/EngineSky/M_Sky_Panning_Clouds2.uasset" 363
"../../../Engine/Content/EngineSky/SM_SkySphere.uasset" 364
"../../../Engine/Content/EngineSky/C_Sky_Zenith_Color.uasset" 365
"../../../Engine/Content/EngineSky/C_Sky_Horizon_Color.uasset" 366
"../../../Engine/Content/EngineSky/C_Sky_Cloud_Color.uasset" 367
"../../../Engine/Content/EngineSky/BP_Sky_Sphere.uasset" 368
"D:/Project/Unreal/Cubes10000/Content/MCO_Mocap_Basics/Animation/Walks/In_Place/Walk_13_Power_Walk_Loop_IP.uasset" 369
"D:/Project/Unreal/Cubes10000/Content/MCO_Mocap_Basics/Animation/Walks/In_Place/Walk_08_Listen_Music_Loop_IP.uasset" 370
"D:/Project/Unreal/Cubes10000/Content/MCO_Mocap_Basics/Animation/Walks/In_Place/Walk_06_Look_Around_Loop_IP.uasset" 371
"D:/Project/Unreal/Cubes10000/Content/MCO_Mocap_Basics/Animation/Walks/In_Place/Walk_04_Texting_Loop_IP.uasset" 372
"D:/Project/Unreal/Cubes10000/Content/MCO_Mocap_Basics/Animation/Walks/In_Place/Walk_02_Cheerful_Loop_IP.uasset" 373
"D:/Project/Unreal/Cubes10000/Content/MCO_Mocap_Basics/Animation/Scared/In_Place/SCR_Walk_Scared_Fwd_Look_Right_Loop_IP.uasset" 374
"D:/Project/Unreal/Cubes10000/Content/MCO_Mocap_Basics/Animation/Scared/In_Place/SCR_Walk_Scared_Fwd_Look_Left_Loop_IP.uasset" 375
"D:/Project/Unreal/Cubes10000/Content/MCO_Mocap_Basics/Animation/Mobility_Pro/In_Place/MOB1_Walk_F_IPC.uasset" 376
"D:/Project/Unreal/Cubes10000/Content/MCO_Mocap_Basics/Animation/Mobility_Pro/In_Place/MOB1_Stand_Relaxed_Idle_v2_IPC.uasset" 377
"D:/Project/Unreal/Cubes10000/Content/MCO_Mocap_Basics/Animation/Mobility_Pro/In_Place/MOB1_Stand_Relaxed_Fgt_v4_IPC.uasset" 378
"D:/Project/Unreal/Cubes10000/Content/MCO_Mocap_Basics/Animation/Mobility_Pro/In_Place/MOB1_Stand_Relaxed_Fgt_v1_IPC.uasset" 379
"D:/Project/Unreal/Cubes10000/Content/MCO_Mocap_Basics/Animation/Mobility_Pro/In_Place/MOB1_Stand_Relaxed_Death_B_IPC.uasset" 380
"D:/Project/Unreal/Cubes10000/Content/MCO_Mocap_Basics/Animation/Mobility_Pro/In_Place/MOB1_Run_F_to_Stand_Relaxed_RU_IPC.uasset" 381
"D:/Project/Unreal/Cubes10000/Content/MCO_Mocap_Basics/Animation/Mobility_Pro/In_Place/MOB1_Run_F_IPC.uasset" 382
"D:/Project/Unreal/Cubes10000/Content/MCO_Mocap_Basics/Animation/Mobility_Pro/In_Place/MOB1_Jog_F_to_Stand_Relaxed_RU_IPC.uasset" 383
"D:/Project/Unreal/Cubes10000/Content/MCO_Mocap_Basics/Animation/Mobility_Pro/In_Place/MOB1_Jog_F_IPC.uasset" 384
"D:/Project/Unreal/Cubes10000/Content/MCO_Mocap_Basics/Animation/Mobility_Pro/In_Place/MOB1_CrouchWalk_F_IPC.uasset" 385
"D:/Project/Unreal/Cubes10000/Content/MCO_Mocap_Basics/Animation/Mobility_Pro/In_Place/MOB1_Crouch_Idle_V2_IPC.uasset" 386
"D:/Project/Unreal/Cubes10000/Content/MCO_Mocap_Basics/Animation/Conversations/Root_Motion/Convo_01_Low_Key_Loop.uasset" 387
"D:/Project/Unreal/Cubes10000/Content/MCO_Mocap_Basics/Animation/Conversations/Root_Motion/Convo_11_Listening_Loop.uasset" 388
"D:/Project/Unreal/Cubes10000/Content/MCO_Mocap_Basics/Overview.umap" 389
"../../Plugins/FX/Niagara/Content/Modules/Emitter/SpawnRate.uasset" 390
"../../Plugins/FX/Niagara/Content/VectorFields/Assets/TilingCurl32.uasset" 391
"../../Plugins/FX/Niagara/Content/VectorFields/Assets/TilingCurl64.uasset" 392
"../../Plugins/FX/Niagara/Content/VectorFields/Assets/TilingCurl16.uasset" 393
"../../Plugins/FX/Niagara/Content/Functions/V2/RemapRange.uasset" 394
"../../Plugins/FX/Niagara/Content/Functions/FindAngleBetweenVectors.uasset" 395
"../../Plugins/FX/Niagara/Content/Functions/V2/ConeMask.uasset" 396
"../../Plugins/FX/Niagara/Content/Enums/ENiagaraCurlNoiseQuality.uasset" 397
"../../Plugins/FX/Niagara/Content/Modules/Update/Forces/V2/CurlNoiseForce.uasset" 398
"D:/Project/Unreal/Cubes10000/Content/NiagaraBlackAndWhite/NiagaraSystems/Black/NS_SynapsBlack.uasset" 399
"../../Plugins/FX/Niagara/Content/Modules/Update/Forces/V2/PointAttractionForce.uasset" 400
"D:/Project/Unreal/Cubes10000/Content/NiagaraBlackAndWhite/NiagaraSystems/Black/NS_SplashBlack.uasset" 401
"../../Plugins/FX/Niagara/Content/Modules/Update/Forces/VortexForce.uasset" 402
"D:/Project/Unreal/Cubes10000/Content/NiagaraBlackAndWhite/NiagaraSystems/Black/NS_SpiralBlack.uasset" 403
"../../Plugins/FX/Niagara/Content/Enums/ENiagaraTorusMode.uasset" 404
"../../Plugins/FX/Niagara/Content/Enums/ENiagaraTorusDistributionMode.uasset" 405
"../../Plugins/FX/Niagara/Content/Functions/RandomRange.uasset" 406
"../../Plugins/FX/Niagara/Content/Functions/PolarToCartesianCoordinates.uasset" 407
"../../Plugins/FX/Niagara/Content/Functions/ParametricTorusKnot.uasset" 408
"../../Plugins/FX/Niagara/Content/Functions/ParametricTorus.uasset" 409
"../../Plugins/FX/Niagara/Content/Functions/Rotation/AxisAngleToQuaternion.uasset" 410
"../../Plugins/FX/Niagara/Content/Functions/Rotation/MultiplyQuaternion.uasset" 411
"../../Plugins/FX/Niagara/Content/Modules/Spawn/Location/TorusLocation.uasset" 412
"../../Plugins/FX/Niagara/Content/Modules/Spawn/Velocity/AddVelocity.uasset" 413
"../../Plugins/FX/Niagara/Content/Functions/Forces/SpringForce.uasset" 414
"../../Plugins/FX/Niagara/Content/Modules/Update/Forces/SpringForce.uasset" 415
"D:/Project/Unreal/Cubes10000/Content/NiagaraBlackAndWhite/NiagaraSystems/Black/NS_ShiningBlack.uasset" 416
"../../Plugins/FX/Niagara/Content/Modules/Solvers/ApplyInitialForces.uasset" 417
"../../Plugins/FX/Niagara/Content/Functions/Localspace/TransformPosition.uasset" 418
"../../Plugins/FX/Niagara/Content/Functions/PointToLineSegmentDistance.uasset" 419
"../../Plugins/FX/Niagara/Content/Modules/Update/Forces/LineAttractionForce.uasset" 420
"../../Plugins/FX/Niagara/Content/Modules/Update/Velocity/VortexVelocity.uasset" 421
"D:/Project/Unreal/Cubes10000/Content/NiagaraBlackAndWhite/NiagaraSystems/Black/NS_SandClockBlack.uasset" 422
"D:/Project/Unreal/Cubes10000/Content/NiagaraBlackAndWhite/NiagaraSystems/Black/NS_MagicFlowerBlack.uasset" 423
"D:/Project/Unreal/Cubes10000/Content/NiagaraBlackAndWhite/NiagaraSystems/Black/NS_EyeBlack.uasset" 424
"D:/Project/Unreal/Cubes10000/Content/NiagaraBlackAndWhite/Maps/DemoBlack_BuiltData.uasset" 425
"D:/Project/Unreal/Cubes10000/Content/NiagaraBlackAndWhite/NiagaraSystems/Black/NS_WhirpoolBlack.uasset" 426
"D:/Project/Unreal/Cubes10000/Content/NiagaraBlackAndWhite/Maps/DemoBlack.umap" 427
"D:/Project/Unreal/Cubes10000/Content/NiagaraBlackAndWhite/NiagaraSystems/Black/NS_GenesisBlack2.uasset" 428
"D:/Project/Unreal/Cubes10000/Content/NiagaraBlackAndWhite/NiagaraSystems/Black/NS_GenesisBlack.uasset" 429
"D:/Project/Unreal/Cubes10000/Content/NiagaraBlackAndWhite/NiagaraSystems/Black/NS_DreamStreamSingleBlack.uasset" 430
"D:/Project/Unreal/Cubes10000/Content/NiagaraBlackAndWhite/NiagaraSystems/Black/NS_DreamStreamBlack.uasset" 431
"D:/Project/Unreal/Cubes10000/Content/NiagaraBlackAndWhite/NiagaraSystems/Black/NS_ChimeraBlack.uasset" 432
"../../Plugins/FX/Niagara/Content/Functions/MakeTranslationMatrix.uasset" 433
"../../Plugins/FX/Niagara/Content/Functions/Math/GetMatrixScale.uasset" 434
"../../Plugins/FX/Niagara/Content/Enums/ENiagaraGridPlacementType.uasset" 435
"../../Plugins/FX/Niagara/Content/Modules/Spawn/Location/V2/GridLocation.uasset" 436
"../../Plugins/FX/Niagara/Content/Modules/Spawn/Location/SpawnParticlesInGrid.uasset" 437
"D:/Project/Unreal/Cubes10000/Content/NiagaraBlackAndWhite/NiagaraSystems/Black/NS_BlowingGridBlack.uasset" 438
"D:/Project/Unreal/Cubes10000/Content/NiagaraBlackAndWhite/Maps/DemoBlack2_BuiltData.uasset" 439
"D:/Project/Unreal/Cubes10000/Content/NiagaraBlackAndWhite/NiagaraSystems/Black/NS_FantasyRingsBlack.uasset" 440
"D:/Project/Unreal/Cubes10000/Content/NiagaraBlackAndWhite/Maps/DemoBlack2.umap" 441
"D:/Project/Unreal/Cubes10000/Content/NiagaraBlackAndWhite/NiagaraSystems/BlackAndWhite/NS_WhirpoolCombo.uasset" 442
"D:/Project/Unreal/Cubes10000/Content/NiagaraBlackAndWhite/NiagaraSystems/BlackAndWhite/NS_SynapsCombo.uasset" 443
"D:/Project/Unreal/Cubes10000/Content/NiagaraBlackAndWhite/NiagaraSystems/BlackAndWhite/NS_SandClockCombo.uasset" 444
"D:/Project/Unreal/Cubes10000/Content/NiagaraBlackAndWhite/NiagaraSystems/BlackAndWhite/NS_GenesisCombo.uasset" 445
"D:/Project/Unreal/Cubes10000/Content/NiagaraBlackAndWhite/NiagaraSystems/BlackAndWhite/NS_FantasyRingsCombo.uasset" 446
"D:/Project/Unreal/Cubes10000/Content/NiagaraBlackAndWhite/NiagaraSystems/BlackAndWhite/NS_DreamStreamSingleCombo.uasset" 447
"D:/Project/Unreal/Cubes10000/Content/NiagaraBlackAndWhite/NiagaraSystems/BlackAndWhite/NS_DreamStreamCombo.uasset" 448
"D:/Project/Unreal/Cubes10000/Content/NiagaraBlackAndWhite/NiagaraSystems/BlackAndWhite/NS_ChimeraCombo.uasset" 449
"D:/Project/Unreal/Cubes10000/Content/NiagaraBlackAndWhite/Maps/DemoBlackAndWhite_BuiltData.uasset" 450
"D:/Project/Unreal/Cubes10000/Content/NiagaraBlackAndWhite/Maps/DemoBlackAndWhite.umap" 451
"D:/Project/Unreal/Cubes10000/Content/NiagaraBlackAndWhite/Maps/DemoBP_BuiltData.uasset" 452
"D:/Project/Unreal/Cubes10000/Content/NiagaraBlackAndWhite/NiagaraSystems/White/NS_DreamStreamSingleWhite.uasset" 453
"D:/Project/Unreal/Cubes10000/Content/NiagaraBlackAndWhite/Blueprints/BP_DreamStreamWhite.uasset" 454
"D:/Project/Unreal/Cubes10000/Content/NiagaraBlackAndWhite/Blueprints/BP_DoubleWhirpoolBlack.uasset" 455
"D:/Project/Unreal/Cubes10000/Content/NiagaraBlackAndWhite/NiagaraSystems/White/NS_WhirlpoolWhite.uasset" 456
"D:/Project/Unreal/Cubes10000/Content/NiagaraBlackAndWhite/Blueprints/BP_DoubleWhirlpoolWhite.uasset" 457
"D:/Project/Unreal/Cubes10000/Content/NiagaraBlackAndWhite/NiagaraSystems/White/NS_FantasyRingsWhite.uasset" 458
"D:/Project/Unreal/Cubes10000/Content/NiagaraBlackAndWhite/Blueprints/BP_CirclesOnTheWaterWhite.uasset" 459
"D:/Project/Unreal/Cubes10000/Content/NiagaraBlackAndWhite/Blueprints/BP_CirclesOnTheWaterCombo.uasset" 460
"D:/Project/Unreal/Cubes10000/Content/NiagaraBlackAndWhite/Blueprints/BP_CirclesOnTheWaterBlack.uasset" 461
"D:/Project/Unreal/Cubes10000/Content/NiagaraBlackAndWhite/Maps/DemoBP.umap" 462
"../../Plugins/FX/Niagara/Content/DynamicInputs/ValueFromCurve/ColorFromCurve.uasset" 463
"../../Plugins/FX/Niagara/Content/Modules/Update/Color/Color.uasset" 464
"D:/Project/Unreal/Cubes10000/Content/NiagaraBlackAndWhite/NiagaraSystems/Color/NS_WhirlpoolWhite.uasset" 465
"D:/Project/Unreal/Cubes10000/Content/NiagaraBlackAndWhite/NiagaraSystems/Color/NS_SynapseColor.uasset" 466
"D:/Project/Unreal/Cubes10000/Content/NiagaraBlackAndWhite/NiagaraSystems/Color/NS_SplashColor.uasset" 467
"D:/Project/Unreal/Cubes10000/Content/NiagaraBlackAndWhite/NiagaraSystems/Color/NS_SpiralColor.uasset" 468
"D:/Project/Unreal/Cubes10000/Content/NiagaraBlackAndWhite/NiagaraSystems/Color/NS_ShiningColor.uasset" 469
"D:/Project/Unreal/Cubes10000/Content/NiagaraBlackAndWhite/NiagaraSystems/Color/NS_SandClockColor.uasset" 470
"D:/Project/Unreal/Cubes10000/Content/NiagaraBlackAndWhite/NiagaraSystems/Color/NS_MagicFlowerColor.uasset" 471
"D:/Project/Unreal/Cubes10000/Content/NiagaraBlackAndWhite/NiagaraSystems/Color/NS_GenesisColor2.uasset" 472
"D:/Project/Unreal/Cubes10000/Content/NiagaraBlackAndWhite/NiagaraSystems/Color/NS_GenesisColor.uasset" 473
"D:/Project/Unreal/Cubes10000/Content/NiagaraBlackAndWhite/NiagaraSystems/Color/NS_FantasyRingsColor.uasset" 474
"D:/Project/Unreal/Cubes10000/Content/NiagaraBlackAndWhite/NiagaraSystems/Color/NS_EyeColor.uasset" 475
"D:/Project/Unreal/Cubes10000/Content/NiagaraBlackAndWhite/NiagaraSystems/Color/NS_DreamStreamSingleColor.uasset" 476
"D:/Project/Unreal/Cubes10000/Content/NiagaraBlackAndWhite/NiagaraSystems/Color/NS_DreamStreamColor.uasset" 477
"D:/Project/Unreal/Cubes10000/Content/NiagaraBlackAndWhite/NiagaraSystems/Color/NS_ChimeraColor.uasset" 478
"D:/Project/Unreal/Cubes10000/Content/NiagaraBlackAndWhite/NiagaraSystems/Color/NS_BlowingGridColor.uasset" 479
"D:/Project/Unreal/Cubes10000/Content/NiagaraBlackAndWhite/Maps/DemoColor.umap" 480
"D:/Project/Unreal/Cubes10000/Content/NiagaraBlackAndWhite/NiagaraSystems/White/NS_SynapseWhite.uasset" 481
"D:/Project/Unreal/Cubes10000/Content/NiagaraBlackAndWhite/NiagaraSystems/White/NS_SplashWhite.uasset" 482
"D:/Project/Unreal/Cubes10000/Content/NiagaraBlackAndWhite/NiagaraSystems/White/NS_SpiralWhite.uasset" 483
"D:/Project/Unreal/Cubes10000/Content/NiagaraBlackAndWhite/NiagaraSystems/White/NS_ShiningWhite.uasset" 484
"D:/Project/Unreal/Cubes10000/Content/NiagaraBlackAndWhite/NiagaraSystems/White/NS_SandClockWhite.uasset" 485
"D:/Project/Unreal/Cubes10000/Content/NiagaraBlackAndWhite/NiagaraSystems/White/NS_MagicFlowerWhite.uasset" 486
"D:/Project/Unreal/Cubes10000/Content/NiagaraBlackAndWhite/NiagaraSystems/White/NS_GenesisWhite2.uasset" 487
"D:/Project/Unreal/Cubes10000/Content/NiagaraBlackAndWhite/NiagaraSystems/White/NS_GenesisWhite.uasset" 488
"D:/Project/Unreal/Cubes10000/Content/NiagaraBlackAndWhite/NiagaraSystems/White/NS_EyeWhite.uasset" 489
"D:/Project/Unreal/Cubes10000/Content/NiagaraBlackAndWhite/NiagaraSystems/White/NS_DreamStreamWhite.uasset" 490
"D:/Project/Unreal/Cubes10000/Content/NiagaraBlackAndWhite/NiagaraSystems/White/NS_ChimeraWhite.uasset" 491
"D:/Project/Unreal/Cubes10000/Content/NiagaraBlackAndWhite/NiagaraSystems/White/NS_BlowingGridWhite.uasset" 492
"D:/Project/Unreal/Cubes10000/Content/NiagaraBlackAndWhite/Maps/DemoWhite.umap" 493
"../../../Engine/Content/EngineMaterials/DefaultPhysicalMaterial.uasset" 494
"D:/Project/Unreal/Cubes10000/Content/ThirdPersonBP/Maps/ThirdPersonExampleMap_BuiltData.uasset" 495
"../../../Engine/Content/BasicShapes/Cube.uasset" 496
"D:/Project/Unreal/Cubes10000/Content/rumble.uasset" 497
"D:/Project/Unreal/Cubes10000/Content/rumble_Cue.uasset" 498
"../../../Engine/Content/BasicShapes/BasicShapeMaterial.uasset" 499
"D:/Project/Unreal/Cubes10000/Content/BP_soundFX.uasset" 500
"D:/Project/Unreal/Cubes10000/Content/Material/MI_red1.uasset" 501
"D:/Project/Unreal/Cubes10000/Content/Material/MI_red2.uasset" 502
"D:/Project/Unreal/Cubes10000/Content/Material/Mi_red5.uasset" 503
"D:/Project/Unreal/Cubes10000/Content/ThirdPersonBP/Maps/ThirdPersonExampleMap.umap" 504
"../../../Engine/Content/Maps/Entry_BuiltData.uasset" 505
"../../../Engine/Content/Maps/Entry.umap" 506
